[debug] [2019-03-29T18:06:13.180Z] ----------------------------------------------------------------------
[debug] [2019-03-29T18:06:13.184Z] Command:       C:\Program Files\nodejs\node.exe C:\Users\PC\AppData\Roaming\npm\node_modules\firebase-tools\lib\bin\firebase.js serve
[debug] [2019-03-29T18:06:13.184Z] CLI Version:   6.5.0
[debug] [2019-03-29T18:06:13.184Z] Platform:      win32
[debug] [2019-03-29T18:06:13.184Z] Node Version:  v11.8.0
[debug] [2019-03-29T18:06:13.185Z] Time:          Fri Mar 29 2019 15:06:13 GMT-0300 (GMT-03:00)
[debug] [2019-03-29T18:06:13.185Z] ----------------------------------------------------------------------
[debug] 
[debug] [2019-03-29T18:06:13.202Z] > command requires scopes: ["email","openid","https://www.googleapis.com/auth/cloudplatformprojects.readonly","https://www.googleapis.com/auth/firebase","https://www.googleapis.com/auth/cloud-platform"]
[debug] [2019-03-29T18:06:13.203Z] > authorizing via signed-in user
[debug] [2019-03-29T18:06:13.204Z] [iam] checking project viajeros-chile for permissions ["firebase.projects.get"]
[debug] [2019-03-29T18:06:13.207Z] >>> HTTP REQUEST POST https://cloudresourcemanager.googleapis.com/v1/projects/viajeros-chile:testIamPermissions  

[debug] [2019-03-29T18:06:14.360Z] <<< HTTP RESPONSE 200
[debug] [2019-03-29T18:06:14.363Z] >>> HTTP REQUEST GET https://cloudresourcemanager.googleapis.com/v1/projects/viajeros-chile  
 
[debug] [2019-03-29T18:06:15.423Z] <<< HTTP RESPONSE 200
[info] 
[info] === Serving from 'C:\Users\PC\Desktop\Laboratoria\SCL008-Social-Network'...
[info] 
[debug] [2019-03-29T18:06:15.447Z] >>> HTTP REQUEST GET https://mobilesdk-pa.googleapis.com/v1/projects/1071346395262/clients/_:getWebAppConfig  
 
[debug] [2019-03-29T18:06:15.838Z] <<< HTTP RESPONSE 200
[info] i  hosting: Serving hosting files from: src
[info] +  hosting: Local server: http://localhost:5000
